This is pdfTeX, Version 3.14159265-2.6-1.40.21 (MiKTeX 2.9.7400 64-bit) (preloaded format=pdflatex 2020.5.7)  8 MAY 2020 20:57
entering extended mode
**\input srs.tex
 (srs.tex
(D:\s\miktex\tex/latex/koma-script\scrreprt.cls
Document Class: scrreprt 2020/04/19 v3.30 KOMA-Script document class (report)
(D:\s\miktex\tex/latex/koma-script\scrkbase.sty
Package: scrkbase 2020/04/19 v3.30 KOMA-Script package (KOMA-Script-dependent b
asics and keyval usage)

(D:\s\miktex\tex/latex/koma-script\scrbase.sty
Package: scrbase 2020/04/19 v3.30 KOMA-Script package (KOMA-Script-independent 
basics and keyval usage)

(D:\s\miktex\tex/latex/graphics\keyval.sty
Package: keyval 2014/10/28 v1.15 key=value parser (DPC)
\KV@toks@=\toks15
)
(D:\s\miktex\tex/latex/koma-script\scrlfile.sty
Package: scrlfile 2020/04/19 v3.30 KOMA-Script package (loading files)
)))
(D:\s\miktex\tex/latex/koma-script\tocbasic.sty
Package: tocbasic 2020/04/19 v3.30 KOMA-Script package (handling toc-files)
\scr@dte@tocline@numberwidth=\skip47
\scr@dte@tocline@numbox=\box45
)
Package tocbasic Info: omitting babel extension for `toc'
(tocbasic)             because of feature `nobabel' available
(tocbasic)             for `toc' on input line 137.
Class scrreprt Info: File `scrsize11pt.clo' used instead of
(scrreprt)           file `scrsize11.clo' to setup font sizes on input line 242
4.

(D:\s\miktex\tex/latex/koma-script\scrsize11pt.clo
File: scrsize11pt.clo 2020/04/19 v3.30 KOMA-Script font size class option (11pt
)
)
(D:\s\miktex\tex/latex/koma-script\typearea.sty
Package: typearea 2020/04/19 v3.30 KOMA-Script package (type area)
\ta@bcor=\skip48
\ta@div=\count167
\ta@hblk=\skip49
\ta@vblk=\skip50
\ta@temp=\skip51
\footheight=\skip52
Package typearea Info: These are the values describing the layout:
(typearea)             DIV  = 10
(typearea)             BCOR = 0.0pt
(typearea)             \paperwidth      = 597.50793pt
(typearea)              \textwidth      = 418.25555pt
(typearea)              DIV departure   = -6%
(typearea)              \evensidemargin = 17.3562pt
(typearea)              \oddsidemargin  = 17.3562pt
(typearea)             \paperheight     = 845.04694pt
(typearea)              \textheight     = 595.80026pt
(typearea)              \topmargin      = -25.16531pt
(typearea)              \headheight     = 17.0pt
(typearea)              \headsep        = 20.40001pt
(typearea)              \topskip        = 11.0pt
(typearea)              \footskip       = 47.6pt
(typearea)              \baselineskip   = 13.6pt
(typearea)              on input line 1738.
)
\c@part=\count168
\c@chapter=\count169
\c@section=\count170
\c@subsection=\count171
\c@subsubsection=\count172
\c@paragraph=\count173
\c@subparagraph=\count174
\scr@dte@chapter@maxnumwidth=\skip53
Class scrreprt Info: using compatibility default `afterindent=bysign'
(scrreprt)           for `\chapter on input line 5588.
\scr@dte@section@maxnumwidth=\skip54
Class scrreprt Info: using compatibility default `runin=bysign'
(scrreprt)           for `\section on input line 5598.
Class scrreprt Info: using compatibility default `afterindent=bysign'
(scrreprt)           for `\section on input line 5598.
\scr@dte@part@maxnumwidth=\skip55
Class scrreprt Info: using compatibility default `afterindent=true'
(scrreprt)           for `\part on input line 5607.
\scr@dte@subsection@maxnumwidth=\skip56
Class scrreprt Info: using compatibility default `runin=bysign'
(scrreprt)           for `\subsection on input line 5617.
Class scrreprt Info: using compatibility default `afterindent=bysign'
(scrreprt)           for `\subsection on input line 5617.
\scr@dte@subsubsection@maxnumwidth=\skip57
Class scrreprt Info: using compatibility default `runin=bysign'
(scrreprt)           for `\subsubsection on input line 5627.
Class scrreprt Info: using compatibility default `afterindent=bysign'
(scrreprt)           for `\subsubsection on input line 5627.
\scr@dte@paragraph@maxnumwidth=\skip58
Class scrreprt Info: using compatibility default `runin=bysign'
(scrreprt)           for `\paragraph on input line 5637.
Class scrreprt Info: using compatibility default `afterindent=bysign'
(scrreprt)           for `\paragraph on input line 5637.
\scr@dte@subparagraph@maxnumwidth=\skip59
Class scrreprt Info: using compatibility default `runin=bysign'
(scrreprt)           for `\subparagraph on input line 5647.
Class scrreprt Info: using compatibility default `afterindent=bysign'
(scrreprt)           for `\subparagraph on input line 5647.
\abovecaptionskip=\skip60
\belowcaptionskip=\skip61
\c@pti@nb@sid@b@x=\box46
Package tocbasic Info: omitting babel extension for `lof'
(tocbasic)             because of feature `nobabel' available
(tocbasic)             for `lof' on input line 6883.
\scr@dte@figure@maxnumwidth=\skip62
\c@figure=\count175
Package tocbasic Info: omitting babel extension for `lot'
(tocbasic)             because of feature `nobabel' available
(tocbasic)             for `lot' on input line 6900.
\scr@dte@table@maxnumwidth=\skip63
\c@table=\count176
Class scrreprt Info: Redefining `\numberline' on input line 7069.
\bibindent=\dimen134
)
LaTeX Info: Redefining \rm on input line 20.
LaTeX Info: Redefining \sf on input line 21.
LaTeX Info: Redefining \tt on input line 22.
LaTeX Info: Redefining \bf on input line 23.
LaTeX Info: Redefining \it on input line 24.
LaTeX Info: Redefining \sl on input line 25.
LaTeX Info: Redefining \sc on input line 26.

(D:\s\miktex\tex/latex/listings\listings.sty
\lst@mode=\count177
\lst@gtempboxa=\box47
\lst@token=\toks16
\lst@length=\count178
\lst@currlwidth=\dimen135
\lst@column=\count179
\lst@pos=\count180
\lst@lostspace=\dimen136
\lst@width=\dimen137
\lst@newlines=\count181
\lst@lineno=\count182
\lst@maxwidth=\dimen138

(D:\s\miktex\tex/latex/listings\lstmisc.sty
File: lstmisc.sty 2020/03/24 1.8d (Carsten Heinz)
\c@lstnumber=\count183
\lst@skipnumbers=\count184
\lst@framebox=\box48
)
(D:\s\miktex\tex/latex/listings\listings.cfg
File: listings.cfg 2020/03/24 1.8d listings configuration
))
Package: listings 2020/03/24 1.8d (Carsten Heinz)

(D:\s\miktex\tex/latex/underscore\underscore.sty
Package: underscore 2006/09/13
LaTeX Info: Redefining \_ on input line 42.
)
(D:\s\miktex\tex/latex/hyperref\hyperref.sty
Package: hyperref 2020/01/14 v7.00d Hypertext links for LaTeX

(D:\s\miktex\tex/generic/ltxcmds\ltxcmds.sty
Package: ltxcmds 2019/12/15 v1.24 LaTeX kernel commands for general use (HO)
)
(D:\s\miktex\tex/generic/iftex\iftex.sty
Package: iftex 2020/03/06 v1.0d TeX engine tests
)
(D:\s\miktex\tex/latex/pdftexcmds\pdftexcmds.sty
Package: pdftexcmds 2019/11/24 v0.31 Utility functions of pdfTeX for LuaTeX (HO
)

(D:\s\miktex\tex/generic/infwarerr\infwarerr.sty
Package: infwarerr 2019/12/03 v1.5 Providing info/warning/error messages (HO)
)
Package pdftexcmds Info: \pdf@primitive is available.
Package pdftexcmds Info: \pdf@ifprimitive is available.
Package pdftexcmds Info: \pdfdraftmode found.
)
(D:\s\miktex\tex/generic/kvsetkeys\kvsetkeys.sty
Package: kvsetkeys 2019/12/15 v1.18 Key value parser (HO)
)
(D:\s\miktex\tex/generic/kvdefinekeys\kvdefinekeys.sty
Package: kvdefinekeys 2019-12-19 v1.6 Define keys (HO)
)
(D:\s\miktex\tex/generic/pdfescape\pdfescape.sty
Package: pdfescape 2019/12/09 v1.15 Implements pdfTeX's escape features (HO)
)
(D:\s\miktex\tex/latex/hycolor\hycolor.sty
Package: hycolor 2020-01-27 v1.10 Color options for hyperref/bookmark (HO)
)
(D:\s\miktex\tex/latex/letltxmacro\letltxmacro.sty
Package: letltxmacro 2019/12/03 v1.6 Let assignment for LaTeX macros (HO)
)
(D:\s\miktex\tex/latex/auxhook\auxhook.sty
Package: auxhook 2019-12-17 v1.6 Hooks for auxiliary files (HO)
)
(D:\s\miktex\tex/latex/kvoptions\kvoptions.sty
Package: kvoptions 2019/11/29 v3.13 Key value format for package options (HO)
)
\@linkdim=\dimen139
\Hy@linkcounter=\count185
\Hy@pagecounter=\count186

(D:\s\miktex\tex/latex/hyperref\pd1enc.def
File: pd1enc.def 2020/01/14 v7.00d Hyperref: PDFDocEncoding definition (HO)
Now handling font encoding PD1 ...
... no UTF-8 mapping file for font encoding PD1
)
(D:\s\miktex\tex/generic/intcalc\intcalc.sty
Package: intcalc 2019/12/15 v1.3 Expandable calculations with integers (HO)
)
(D:\s\miktex\tex/generic/etexcmds\etexcmds.sty
Package: etexcmds 2019/12/15 v1.7 Avoid name clashes with e-TeX commands (HO)
)
\Hy@SavedSpaceFactor=\count187
Package hyperref Info: Option `bookmarks' set `true' on input line 4421.
Package hyperref Info: Hyper figures OFF on input line 4547.
Package hyperref Info: Link nesting OFF on input line 4552.
Package hyperref Info: Hyper index ON on input line 4555.
Package hyperref Info: Plain pages OFF on input line 4562.
Package hyperref Info: Backreferencing OFF on input line 4567.
Package hyperref Info: Implicit mode ON; LaTeX internals redefined.
Package hyperref Info: Bookmarks ON on input line 4800.
\c@Hy@tempcnt=\count188

(D:\s\miktex\tex/latex/url\url.sty
\Urlmuskip=\muskip16
Package: url 2013/09/16  ver 3.4  Verb mode for urls, etc.
)
LaTeX Info: Redefining \url on input line 5159.
\XeTeXLinkMargin=\dimen140
 (D:\s\miktex\tex/generic/bitset\bitset.sty
Package: bitset 2019/12/09 v1.3 Handle bit-vector datatype (HO)

(D:\s\miktex\tex/generic/bigintcalc\bigintcalc.sty
Package: bigintcalc 2019/12/15 v1.5 Expandable calculations on big integers (HO
)
))
\Fld@menulength=\count189
\Field@Width=\dimen141
\Fld@charsize=\dimen142
Package hyperref Info: Hyper figures OFF on input line 6430.
Package hyperref Info: Link nesting OFF on input line 6435.
Package hyperref Info: Hyper index ON on input line 6438.
Package hyperref Info: backreferencing OFF on input line 6445.
Package hyperref Info: Link coloring OFF on input line 6450.
Package hyperref Info: Link coloring with OCG OFF on input line 6455.
Package hyperref Info: PDF/A mode OFF on input line 6460.
LaTeX Info: Redefining \ref on input line 6500.
LaTeX Info: Redefining \pageref on input line 6504.

(D:\s\miktex\tex/generic/atbegshi\atbegshi.sty
Package: atbegshi 2019/12/05 v1.19 At begin shipout hook (HO)
)
\Hy@abspage=\count190
\c@Item=\count191
\c@Hfootnote=\count192
)
Package hyperref Info: Driver (autodetected): hpdftex.

(D:\s\miktex\tex/latex/hyperref\hpdftex.def
File: hpdftex.def 2020/01/14 v7.00d Hyperref driver for pdfTeX

(D:\s\miktex\tex/latex/atveryend\atveryend.sty
Package: atveryend 2019-12-11 v1.11 Hooks at the very end of document (HO)
Package atveryend Info: \enddocument detected (standard20110627).
)
\Fld@listcount=\count193
\c@bookmark@seq@number=\count194

(D:\s\miktex\tex/latex/rerunfilecheck\rerunfilecheck.sty
Package: rerunfilecheck 2019/12/05 v1.9 Rerun checks for auxiliary files (HO)

(D:\s\miktex\tex/generic/uniquecounter\uniquecounter.sty
Package: uniquecounter 2019/12/15 v1.4 Provide unlimited unique counter (HO)
)
Package uniquecounter Info: New unique counter `rerunfilecheck' on input line 2
86.
)
\Hy@SectionHShift=\skip64
)
(D:\s\miktex\tex/latex/base\inputenc.sty
Package: inputenc 2018/08/11 v1.3c Input encoding file
\inpenc@prehook=\toks17
\inpenc@posthook=\toks18
)
(D:\s\miktex\tex/generic/babel\babel.sty
Package: babel 2020/03/22 3.42 The Babel package

(D:\s\miktex\tex/generic/babel\switch.def
File: switch.def 2020/03/22 3.42 Babel switching mechanism
)
*************************************
* Local config file bblopts.cfg used
*
(D:\s\miktex\tex/latex/arabi\bblopts.cfg
File: bblopts.cfg 2005/09/08 v0.1 add Arabic and Farsi to "declared" options of
 babel
)
(D:\s\miktex\tex/latex/babel-english\english.ldf
Language: english 2017/06/06 v3.3r English support from the babel system

(D:\s\miktex\tex/generic/babel\babel.def
File: babel.def 2020/03/22 3.42 Babel common definitions
\babel@savecnt=\count195
\U@D=\dimen143

(D:\s\miktex\tex/generic/babel\txtbabel.def)
\bbl@readstream=\read2
\bbl@dirlevel=\count196
)
Package babel Info: \l@british = using hyphenrules for english
(babel)             (\language0) on input line 82.
Package babel Info: \l@UKenglish = using hyphenrules for english
(babel)             (\language0) on input line 83.
Package babel Info: \l@canadian = using hyphenrules for english
(babel)             (\language0) on input line 102.
Package babel Info: \l@australian = using hyphenrules for english
(babel)             (\language0) on input line 105.
Package babel Info: \l@newzealand = using hyphenrules for english
(babel)             (\language0) on input line 108.
))
(D:\localtexmf\tex/latex/denali\reqmt.sty
Package: reqmt 2005/07/20 Denali Consulting, Requirements, use cases

(D:\s\miktex\tex/latex/framed\framed.sty
Package: framed 2011/10/22 v 0.96: framed or shaded text with page breaks
\OuterFrameSep=\skip65
\fb@frw=\dimen144
\fb@frh=\dimen145
\FrameRule=\dimen146
\FrameSep=\dimen147
)
(D:\s\miktex\tex/latex/base\textcomp.sty
Package: textcomp 2020/02/02 v2.0n Standard LaTeX package
)
(D:\s\miktex\tex/latex/dingbat\dingbat.sty
Package: dingbat 2001/04/27 v1.00 Hands and other dingbats
)
(D:\s\miktex\tex/latex/tools\longtable.sty
Package: longtable 2020/01/07 v4.13 Multi-page Table package (DPC)
\LTleft=\skip66
\LTright=\skip67
\LTpre=\skip68
\LTpost=\skip69
\LTchunksize=\count197
\LTcapwidth=\dimen148
\LT@head=\box49
\LT@firsthead=\box50
\LT@foot=\box51
\LT@lastfoot=\box52
\LT@cols=\count198
\LT@rows=\count199
\c@LT@tables=\count266
\c@LT@chunks=\count267
\LT@p@ftn=\toks19
)
Class scrreprt Info: longtable captions redefined on input line 55.

(D:\s\miktex\tex/latex/graphics\color.sty
Package: color 2019/11/23 v1.2a Standard LaTeX Color (DPC)

(D:\s\miktex\tex/latex/graphics-cfg\color.cfg
File: color.cfg 2016/01/02 v1.6 sample color configuration
)
Package color Info: Driver file: pdftex.def on input line 147.

(D:\s\miktex\tex/latex/graphics-def\pdftex.def
File: pdftex.def 2018/01/08 v1.0l Graphics/color driver for pdftex
))
\c@reqmtthm=\count268
\c@usecasethm=\count269
)
(D:\localtexmf\tex/latex/Lamport\tla2.sty
(D:\localtexmf\tex/latex/Lamport\abbrev.sty
\c@abr@ctr=\count270
\c@abr@level=\count271
\symtlaitalics=\mathgroup4
\abr@csctr=\count272
)
Loading pf2 style
(D:\localtexmf\tex/latex/Lamport\pf2.sty
\pfindent=\skip70
\c@@vectorctr=\count273
\@veclen=\skip71
\pfbox=\box53
\c@pfhidelevel=\count274
\pfshortNumberLevel=\count275
\c@pf@sidenumberdepth=\count276
\pf@sidenumberoutdent=\skip72
\pfLevelCount=\count277
\pfStepCount=\count278
\pf@outdent=\skip73
\@temppflen=\skip74
\@proveindent=\skip75
\c@pf@conjCounter=\count279
\c@pfenum=\count280
\c@pfenumdepth=\count281
\pfenumindent=\skip76
\c@pfenumi=\count282
\c@pfenumii=\count283
\c@pfenumiii=\count284
)
\@charwidth=\skip77
\boxrulewd=\skip78
\boxindent=\skip79
\boxlineht=\skip80
\boxruleht=\skip81
\boxruledp=\skip82
)

Package hyperref Warning: Option `bookmarks' has already been used,
(hyperref)                setting the option has no effect on input line 47.

Package hyperref Info: Option `colorlinks' set `true' on input line 47.
(D:\s\miktex\tex/latex/l3backend\l3backend-pdfmode.def
File: l3backend-pdfmode.def 2020-03-12 L3 backend support: PDF mode
\l__kernel_color_stack_int=\count285
\l__pdf_internal_box=\box54
) (srs.aux)
\openout1 = `srs.aux'.

LaTeX Font Info:    Checking defaults for OML/cmm/m/it on input line 54.
LaTeX Font Info:    ... okay on input line 54.
LaTeX Font Info:    Checking defaults for OMS/cmsy/m/n on input line 54.
LaTeX Font Info:    ... okay on input line 54.
LaTeX Font Info:    Checking defaults for OT1/cmr/m/n on input line 54.
LaTeX Font Info:    ... okay on input line 54.
LaTeX Font Info:    Checking defaults for T1/cmr/m/n on input line 54.
LaTeX Font Info:    ... okay on input line 54.
LaTeX Font Info:    Checking defaults for TS1/cmr/m/n on input line 54.
LaTeX Font Info:    ... okay on input line 54.
LaTeX Font Info:    Checking defaults for OMX/cmex/m/n on input line 54.
LaTeX Font Info:    ... okay on input line 54.
LaTeX Font Info:    Checking defaults for U/cmr/m/n on input line 54.
LaTeX Font Info:    ... okay on input line 54.
LaTeX Font Info:    Checking defaults for PD1/pdf/m/n on input line 54.
LaTeX Font Info:    ... okay on input line 54.
Package scrbase Info: activating english \contentsname on input line 54.
Package scrbase Info: activating english \listfigurename on input line 54.
Package scrbase Info: activating english \listtablename on input line 54.
\c@lstlisting=\count286
\AtBeginShipoutBox=\box55
Package hyperref Info: Link coloring ON on input line 54.

(D:\s\miktex\tex/latex/hyperref\nameref.sty
Package: nameref 2019/09/16 v2.46 Cross-referencing by name of section

(D:\s\miktex\tex/latex/refcount\refcount.sty
Package: refcount 2019/12/15 v3.6 Data extraction from label references (HO)
)
(D:\s\miktex\tex/generic/gettitlestring\gettitlestring.sty
Package: gettitlestring 2019/12/15 v1.6 Cleanup title references (HO)
)
\c@section@level=\count287
)
LaTeX Info: Redefining \ref on input line 54.
LaTeX Info: Redefining \pageref on input line 54.
LaTeX Info: Redefining \nameref on input line 54.
 (srs.out) (srs.out)
\@outlinefile=\write3
\openout3 = `srs.out'.

Class scrreprt Info: loading recommended package `bookmark'.
(scrreprt)           Using `bookmark' together with `hyperref' is recommended,
(scrreprt)           because of handling of possible bookmark level gaps.
(scrreprt)           You can avoid loading `bookmark' with KOMA-Script option
(scrreprt)           `bookmarkpackage=false' before \begin{document} and
(scrreprt)           you can avoid this message adding:
(scrreprt)             \usepackage{bookmark}
(scrreprt)           before \begin{document} on input line 54.
 (D:\s\miktex\tex/latex/bookmark\bookmark.sty
Package: bookmark 2019/12/03 v1.28 PDF bookmarks (HO)

(D:\s\miktex\tex/latex/bookmark\bkm-pdftex.def
File: bkm-pdftex.def 2019/12/03 v1.28 bookmark driver for pdfTeX (HO)
Package auxhook Info: \AddLineBeginMainAux comes a little late,
(auxhook)             because the main .aux file is already opened on input lin
e 168.
\BKM@id=\count288
))
(D:\s\miktex\tex/context/base/mkii\supp-pdf.mkii
[Loading MPS to PDF converter (version 2006.09.02).]
\scratchcounter=\count289
\scratchdimen=\dimen149
\scratchbox=\box56
\nofMPsegments=\count290
\nofMParguments=\count291
\everyMPshowfont=\toks20
\MPscratchCnt=\count292
\MPscratchDim=\dimen150
\MPnumerator=\count293
\makeMPintoPDFobject=\count294
\everyMPtoPDFconversion=\toks21
)
Overfull \hbox (36.98853pt too wide) in paragraph at lines 57--57
 []
 []

LaTeX Font Info:    External font `cmex10' loaded for size
(Font)              <24.88> on input line 63.
LaTeX Font Info:    External font `cmex10' loaded for size
(Font)              <20.74> on input line 63.
LaTeX Font Info:    External font `cmex10' loaded for size
(Font)              <17.28> on input line 63.
LaTeX Font Info:    External font `cmex10' loaded for size
(Font)              <12> on input line 67.
[1

{C:/Users/ddw/AppData/Local/MiKTeX/2.9/pdftex/config/pdftex.map}] (srs.toc
LaTeX Font Info:    External font `cmex10' loaded for size
(Font)              <10.95> on input line 3.
LaTeX Font Info:    External font `cmex10' loaded for size
(Font)              <8> on input line 3.
LaTeX Font Info:    External font `cmex10' loaded for size
(Font)              <6> on input line 3.

[2

])
\tf@toc=\write4
\openout4 = `srs.toc'.

 [3] [4

]
chapter 1.

Class scrreprt Warning: \float@addtolists detected!
(scrreprt)              Implementation of \float@addtolist became
(scrreprt)              deprecated in KOMA-Script v3.01 2008/11/14 and
(scrreprt)              has been replaced by several more flexible
(scrreprt)              features of package `tocbasic`.
(scrreprt)              Since Version 3.12 support for deprecated
(scrreprt)              \float@addtolist interface has been
(scrreprt)              restricted to only some of the KOMA-Script
(scrreprt)              features and been removed from others.
(scrreprt)              Loading of package `scrhack' may help to
(scrreprt)              avoid this warning, if you are using a
(scrreprt)              a package that still implements the
(scrreprt)              deprecated \float@addtolist interface.

[5

]
chapter 2.
[6

] [7]
chapter 3.
[8

]
chapter 4.
Package hyperref Info: bookmark level for unknown reqmt defaults to 0 on input 
line 264.
[9

] [10] [11]
chapter 5.
[12

] [13]
chapter 6.
[14

]
chapter A.
(srs.lor)
\tf@lor=\write5
\openout5 = `srs.lor'.

Package atveryend Info: Empty hook `BeforeClearDocument' on input line 446.
 [15

]
Package atveryend Info: Empty hook `AfterLastShipout' on input line 446.
 (srs.aux)
Package atveryend Info: Executing hook `AtVeryEndDocument' on input line 446.
Package atveryend Info: Executing hook `AtEndAfterFileList' on input line 446.
Package rerunfilecheck Info: File `srs.out' has not changed.
(rerunfilecheck)             Checksum: D41D8CD98F00B204E9800998ECF8427E;0.
Package atveryend Info: Empty hook `AtVeryVeryEnd' on input line 446.
 ) 
Here is how much of TeX's memory you used:
 10815 strings out of 482654
 179144 string characters out of 2948948
 582625 words of memory out of 3000000
 26264 multiletter control sequences out of 15000+200000
 544443 words of font info for 63 fonts, out of 3000000 for 9000
 68 hyphenation exceptions out of 8191
 43i,7n,72p,10118b,473s stack positions out of 5000i,500n,10000p,200000b,50000s
<D:/s/miktex/fonts/type1/public/amsfonts/cm/cmbx10.pfb><D:/s/miktex/fonts/typ
e1/public/amsfonts/cm/cmbx12.pfb><D:/s/miktex/fonts/type1/public/amsfonts/cm/cm
bxti10.pfb><D:/s/miktex/fonts/type1/public/amsfonts/cm/cmmi10.pfb><D:/s/miktex/
fonts/type1/public/amsfonts/cm/cmmi12.pfb><D:/s/miktex/fonts/type1/public/amsfo
nts/cm/cmr10.pfb><D:/s/miktex/fonts/type1/public/amsfonts/cm/cmssbx10.pfb><D:/s
/miktex/fonts/type1/public/amsfonts/cm/cmti10.pfb>
Output written on srs.pdf (15 pages, 169209 bytes).
PDF statistics:
 344 PDF objects out of 1000 (max. 8388607)
 69 named destinations out of 1000 (max. 500000)
 329 words of extra memory for PDF output out of 10000 (max. 10000000)

